<?xml version="1.0" encoding="utf-8"?><testsuites name="pytest tests"><testsuite name="pytest" errors="0" failures="1" skipped="0" tests="18" time="2.897" timestamp="2026-03-30T15:48:40.481639+00:00" hostname="agent-env-589ce188-19f6-4be3-8d64-e742e29afeec"><testcase classname="backend.tests.test_features_5_6.TestAuth" name="test_login_manager_success" time="0.583" /><testcase classname="backend.tests.test_features_5_6.TestAuth" name="test_login_wrong_password" time="0.391" /><testcase classname="backend.tests.test_features_5_6.TestAuth" name="test_get_me" time="0.396" /><testcase classname="backend.tests.test_features_5_6.TestTemplates" name="test_get_all_templates_returns_15" time="0.051" /><testcase classname="backend.tests.test_features_5_6.TestTemplates" name="test_templates_have_required_fields" time="0.046" /><testcase classname="backend.tests.test_features_5_6.TestTemplates" name="test_templates_no_id_exposed" time="0.049" /><testcase classname="backend.tests.test_features_5_6.TestTemplates" name="test_filter_templates_by_category_welcome" time="0.053" /><testcase classname="backend.tests.test_features_5_6.TestTemplates" name="test_create_and_delete_template" time="0.103" /><testcase classname="backend.tests.test_features_5_6.TestTemplates" name="test_use_template_increments_count" time="0.162" /><testcase classname="backend.tests.test_features_5_6.TestTeamMembers" name="test_get_users_returns_team" time="0.061" /><testcase classname="backend.tests.test_features_5_6.TestTeamMembers" name="test_users_no_password_exposed" time="0.055"><failure message="AssertionError: Password exposed!&#10;assert 'hashed_password' not in {'created_at': '2026-03-30T14:13:26.105000', 'email': 'manager@riviera-palace.com', 'google_id': None, 'hashed_password': None, ...}">backend/tests/test_features_5_6.py:178: in test_users_no_password_exposed
    assert "hashed_password" not in user, "Password exposed!"
E   AssertionError: Password exposed!
E   assert 'hashed_password' not in {'created_at': '2026-03-30T14:13:26.105000', 'email': 'manager@riviera-palace.com', 'google_id': None, 'hashed_password': None, ...}</failure></testcase><testcase classname="backend.tests.test_features_5_6.TestTeamMembers" name="test_users_have_required_fields" time="0.054" /><testcase classname="backend.tests.test_features_5_6.TestInternalNotes" name="test_send_internal_note" time="0.138" /><testcase classname="backend.tests.test_features_5_6.TestInternalNotes" name="test_send_internal_note_with_mention" time="0.152" /><testcase classname="backend.tests.test_features_5_6.TestInternalNotes" name="test_internal_note_not_updating_conversation_last_message" time="0.273" /><testcase classname="backend.tests.test_features_5_6.TestPushTokens" name="test_register_push_token" time="0.063" /><testcase classname="backend.tests.test_features_5_6.TestPushTokens" name="test_register_valid_expo_push_token" time="0.050" /><testcase classname="backend.tests.test_features_5_6.TestHealth" name="test_health_check" time="0.114" /></testsuite></testsuites>