<?xml version="1.0" encoding="utf-8"?><testsuites name="pytest tests"><testsuite name="pytest" errors="0" failures="0" skipped="0" tests="21" time="48.037" timestamp="2026-03-30T16:15:42.606968+00:00" hostname="agent-env-589ce188-19f6-4be3-8d64-e742e29afeec"><testcase classname="backend.tests.test_feature_8_ai_insights.TestGetInsights" name="test_get_insights_returns_200" time="0.585" /><testcase classname="backend.tests.test_feature_8_ai_insights.TestGetInsights" name="test_get_insights_structure" time="0.055" /><testcase classname="backend.tests.test_feature_8_ai_insights.TestGetInsights" name="test_get_insights_by_type_has_all_keys" time="0.055" /><testcase classname="backend.tests.test_feature_8_ai_insights.TestGetInsights" name="test_get_insights_no_mongodb_id" time="0.056" /><testcase classname="backend.tests.test_feature_8_ai_insights.TestGetInsights" name="test_get_insights_filter_by_status_pending" time="0.066" /><testcase classname="backend.tests.test_feature_8_ai_insights.TestGetInsights" name="test_get_insights_insight_fields" time="0.275" /><testcase classname="backend.tests.test_feature_8_ai_insights.TestAnalyzeSingleConversation" name="test_analyze_conversation_returns_200" time="2.516" /><testcase classname="backend.tests.test_feature_8_ai_insights.TestAnalyzeSingleConversation" name="test_analyze_conversation_structure" time="3.036" /><testcase classname="backend.tests.test_feature_8_ai_insights.TestAnalyzeSingleConversation" name="test_analyze_conversation_insights_count_matches" time="2.573" /><testcase classname="backend.tests.test_feature_8_ai_insights.TestAnalyzeSingleConversation" name="test_analyze_conversation_insight_fields" time="3.298" /><testcase classname="backend.tests.test_feature_8_ai_insights.TestAnalyzeSingleConversation" name="test_analyze_nonexistent_conversation_returns_404" time="0.057" /><testcase classname="backend.tests.test_feature_8_ai_insights.TestAnalyzeAllConversations" name="test_analyze_all_returns_200" time="5.116" /><testcase classname="backend.tests.test_feature_8_ai_insights.TestAnalyzeAllConversations" name="test_analyze_all_structure" time="6.048" /><testcase classname="backend.tests.test_feature_8_ai_insights.TestAnalyzeAllConversations" name="test_analyze_all_analyzed_positive" time="6.173" /><testcase classname="backend.tests.test_feature_8_ai_insights.TestAnalyzeAllConversations" name="test_insights_populated_after_analyze_all" time="8.296" /><testcase classname="backend.tests.test_feature_8_ai_insights.TestUpdateInsightStatus" name="test_dismiss_insight_returns_200" time="3.570" /><testcase classname="backend.tests.test_feature_8_ai_insights.TestUpdateInsightStatus" name="test_dismiss_insight_response_message" time="2.784" /><testcase classname="backend.tests.test_feature_8_ai_insights.TestUpdateInsightStatus" name="test_update_insight_invalid_status_returns_400" time="0.124" /><testcase classname="backend.tests.test_feature_8_ai_insights.TestUpdateInsightStatus" name="test_update_nonexistent_insight_returns_404" time="0.070" /><testcase classname="backend.tests.test_feature_8_ai_insights.TestUpdateInsightStatus" name="test_mark_insight_as_sent" time="3.141" /><testcase classname="backend.tests.test_feature_8_ai_insights.TestUpdateInsightStatus" name="test_filter_insights_by_conversation_id" time="0.052" /></testsuite></testsuites>